2019-02-11 16:11:46 +0000  Initial pipeline context: <IDEDistributionProcessingPipelineContext: 0x7fa19846eb80; archive(resolved)='<IDEArchive: 0x7fa199eaaf20>', distributionTask(resolved)='2', distributionDestination(resolved)='1', distributionMethod(resolved)='<IDEDistributionMethodDevelopmentSigned: 0x7fa1ad67dc70>', team(resolved)='<IDEProvisioningDisambiguatableBasicTeam: 0x7fa1b61e4530; teamID='79V43URF8W', teamName='nation d GmbH', teamType='Company', username='info@nationd.de', isFreeProvisioningTeam='0'>'>
	Chain (12, self inclusive):
	<IDEDistributionProcessingPipelineContext: 0x7fa19846eb80; archive = '<IDEArchive: 0x7fa199eaaf20>', distributionMethod='<IDEDistributionMethodDevelopmentSigned: 0x7fa1ad67dc70>', team='<IDEProvisioningDisambiguatableBasicTeam: 0x7fa1b61e4530; teamID='79V43URF8W', teamName='nation d GmbH', teamType='Company', username='info@nationd.de', isFreeProvisioningTeam='0'>'>
	<IDEDistributionProcessingPipelineContext: 0x7fa198558530; archive = '<IDEArchive: 0x7fa199eaaf20>', distributionMethod='<IDEDistributionMethodDevelopmentSigned: 0x7fa1ad67dc70>', team='<IDEProvisioningDisambiguatableBasicTeam: 0x7fa1b61e4530; teamID='79V43URF8W', teamName='nation d GmbH', teamType='Company', username='info@nationd.de', isFreeProvisioningTeam='0'>'>
	<IDEDistributionContext: 0x7fa19b89d020; archive = '<IDEArchive: 0x7fa199eaaf20>', distributionMethod='<IDEDistributionMethodDevelopmentSigned: 0x7fa1ad67dc70>', team='<IDEProvisioningDisambiguatableBasicTeam: 0x7fa1b61e4530; teamID='79V43URF8W', teamName='nation d GmbH', teamType='Company', username='info@nationd.de', isFreeProvisioningTeam='0'>'>
	<IDEDistributionContext: 0x7fa1982fa870; archive = '<IDEArchive: 0x7fa199eaaf20>', distributionMethod='<IDEDistributionMethodDevelopmentSigned: 0x7fa1ad67dc70>', team='<IDEProvisioningDisambiguatableBasicTeam: 0x7fa1b61e4530; teamID='79V43URF8W', teamName='nation d GmbH', teamType='Company', username='info@nationd.de', isFreeProvisioningTeam='0'>'>
	<IDEDistributionContext: 0x7fa198ff2650; archive = '<IDEArchive: 0x7fa199eaaf20>', distributionMethod='<IDEDistributionMethodDevelopmentSigned: 0x7fa1ad67dc70>', team='<IDEProvisioningDisambiguatableBasicTeam: 0x7fa1b61e4530; teamID='79V43URF8W', teamName='nation d GmbH', teamType='Company', username='info@nationd.de', isFreeProvisioningTeam='0'>'>
	<IDEDistributionContext: 0x7fa19b8b4bd0; archive = '<IDEArchive: 0x7fa199eaaf20>', distributionMethod='<IDEDistributionMethodDevelopmentSigned: 0x7fa1ad67dc70>', team='<IDEProvisioningDisambiguatableBasicTeam: 0x7fa1b61e4530; teamID='79V43URF8W', teamName='nation d GmbH', teamType='Company', username='info@nationd.de', isFreeProvisioningTeam='0'>'>
	<IDEDistributionContext: 0x7fa199f43280; archive = '<IDEArchive: 0x7fa199eaaf20>', distributionMethod='<IDEDistributionMethodDevelopmentSigned: 0x7fa1ad67dc70>', team='<IDEProvisioningDisambiguatableBasicTeam: 0x7fa1b61e4530; teamID='79V43URF8W', teamName='nation d GmbH', teamType='Company', username='info@nationd.de', isFreeProvisioningTeam='0'>'>
	<IDEDistributionContext: 0x7fa199f1d4e0; archive = '<IDEArchive: 0x7fa199eaaf20>', distributionMethod='<IDEDistributionMethodDevelopmentSigned: 0x7fa1ad67dc70>', team='<IDEProvisioningDisambiguatableBasicTeam: 0x7fa1b61e4530; teamID='79V43URF8W', teamName='nation d GmbH', teamType='Company', username='info@nationd.de', isFreeProvisioningTeam='0'>'>
	<IDEDistributionContext: 0x7fa199b59000; archive = '<IDEArchive: 0x7fa199eaaf20>', distributionMethod='<IDEDistributionMethodDevelopmentSigned: 0x7fa1ad67dc70>', team='<IDEProvisioningDisambiguatableBasicTeam: 0x7fa1b61e4530; teamID='79V43URF8W', teamName='nation d GmbH', teamType='Company', username='info@nationd.de', isFreeProvisioningTeam='0'>'>
	<IDEDistributionContext: 0x7fa199b7f210; archive = '<IDEArchive: 0x7fa199eaaf20>', distributionMethod='<IDEDistributionMethodDevelopmentSigned: 0x7fa1ad67dc70>', team='(null)'>
	<IDEDistributionContext: 0x7fa1999098e0; archive = '<IDEArchive: 0x7fa199eaaf20>', distributionMethod='<IDEDistributionMethodDevelopmentSigned: 0x7fa1ad67dc70>', team='(null)'>
	<IDEDistributionContext: 0x7fa1b2abdc20; archive = '<IDEArchive: 0x7fa199eaaf20>', distributionMethod='(null)', team='(null)'>
</IDEDistributionProcessingPipelineContext: 0x7fa19846eb80>
2019-02-11 16:11:46 +0000  Processing step: IDEDistributionCreateDestRootStep
2019-02-11 16:11:46 +0000  Processing step: IDEDistributionCopyItemStep
2019-02-11 16:11:46 +0000  Running /usr/bin/ditto '-V' '/Users/nationd/Library/Developer/Xcode/Archives/2019-02-11/Unity-iPhone 11.02.19, 16.46.xcarchive/Products/Applications/ProductName.app' '/var/folders/t_/yvz5mnr133g_mx0cqcxds30r0000gn/T/XcodeDistPipeline.eWd/Root/Payload/ProductName.app'
2019-02-11 16:11:46 +0000  >>> Copying /Users/nationd/Library/Developer/Xcode/Archives/2019-02-11/Unity-iPhone 11.02.19, 16.46.xcarchive/Products/Applications/ProductName.app 
2019-02-11 16:11:46 +0000  copying file ./_CodeSignature/CodeResources ... 
2019-02-11 16:11:46 +0000  24047 bytes for ./_CodeSignature/CodeResources
2019-02-11 16:11:46 +0000  copying file ./AppIcon20x20@2x.png ... 
1272 bytes for ./AppIcon20x20@2x.png
copying file ./AppIcon20x20@2x~ipad.png ... 
2019-02-11 16:11:46 +0000  1272 bytes for ./AppIcon20x20@2x~ipad.png
copying file ./AppIcon20x20@3x.png ... 
2252 bytes for ./AppIcon20x20@3x.png
copying file ./AppIcon20x20~ipad.png ... 
683 bytes for ./AppIcon20x20~ipad.png
copying file ./AppIcon29x29.png ... 
967 bytes for ./AppIcon29x29.png
copying file ./AppIcon29x29@2x.png ... 
2019-02-11 16:11:46 +0000  2228 bytes for ./AppIcon29x29@2x.png
copying file ./AppIcon29x29@2x~ipad.png ... 
2228 bytes for ./AppIcon29x29@2x~ipad.png
copying file ./AppIcon29x29@3x.png ... 
4697 bytes for ./AppIcon29x29@3x.png
copying file ./AppIcon29x29~ipad.png ... 
967 bytes for ./AppIcon29x29~ipad.png
copying file ./AppIcon40x40@2x.png ... 
3817 bytes for ./AppIcon40x40@2x.png
copying file ./AppIcon40x40@2x~ipad.png ... 
2019-02-11 16:11:46 +0000  3817 bytes for ./AppIcon40x40@2x~ipad.png
copying file ./AppIcon40x40@3x.png ... 
7924 bytes for ./AppIcon40x40@3x.png
copying file ./AppIcon40x40~ipad.png ... 
1272 bytes for ./AppIcon40x40~ipad.png
copying file ./AppIcon60x60@2x.png ... 
7924 bytes for ./AppIcon60x60@2x.png
copying file ./AppIcon60x60@3x.png ... 
16837 bytes for ./AppIcon60x60@3x.png
copying file ./AppIcon76x76@2x~ipad.png ... 
12711 bytes for ./AppIcon76x76@2x~ipad.png
copying file ./AppIcon76x76~ipad.png ... 
2019-02-11 16:11:46 +0000  3839 bytes for ./AppIcon76x76~ipad.png
copying file ./AppIcon83.5x83.5@2x~ipad.png ... 
15172 bytes for ./AppIcon83.5x83.5@2x~ipad.png
copying file ./Assets.car ... 
470104 bytes for ./Assets.car
copying file ./Data/boot.config ... 
2019-02-11 16:11:46 +0000  167 bytes for ./Data/boot.config
copying file ./Data/globalgamemanagers ... 
45144 bytes for ./Data/globalgamemanagers
copying file ./Data/globalgamemanagers.assets ... 
104164 bytes for ./Data/globalgamemanagers.assets
copying file ./Data/level0 ... 
25312 bytes for ./Data/level0
copying file ./Data/level0.resS ... 
393212 bytes for ./Data/level0.resS
copying file ./Data/Managed/Metadata/global-metadata.dat ... 
2019-02-11 16:11:46 +0000  3684584 bytes for ./Data/Managed/Metadata/global-metadata.dat
2019-02-11 16:11:46 +0000  copying file ./Data/Managed/mono/2.0/machine.config ... 
27625 bytes for ./Data/Managed/mono/2.0/machine.config
copying file ./Data/Managed/mono/4.0/machine.config ... 
33648 bytes for ./Data/Managed/mono/4.0/machine.config
copying file ./Data/Managed/Resources/mscorlib.dll-resources.dat ... 
337563 bytes for ./Data/Managed/Resources/mscorlib.dll-resources.dat
copying file ./Data/Raw/Vuforia/Archi1810.dat ... 
58600 bytes for ./Data/Raw/Vuforia/Archi1810.dat
copying file ./Data/Raw/Vuforia/Archi1810.xml ... 
351 bytes for ./Data/Raw/Vuforia/Archi1810.xml
copying file ./Data/Raw/Vuforia/Bagel.dat ... 
155154 bytes for ./Data/Raw/Vuforia/Bagel.dat
copying file ./Data/Raw/Vuforia/Bagel.xml ... 
334 bytes for ./Data/Raw/Vuforia/Bagel.xml
copying file ./Data/Resources/unity_builtin_extra ... 
842108 bytes for ./Data/Resources/unity_builtin_extra
copying file ./Data/resources.assets ... 
306232 bytes for ./Data/resources.assets
copying file ./Data/resources.assets.resS ... 
2019-02-11 16:11:46 +0000  174848 bytes for ./Data/resources.assets.resS
copying file ./Data/sharedassets0.assets ... 
2019-02-11 16:11:46 +0000  1402256 bytes for ./Data/sharedassets0.assets
copying file ./Data/sharedassets0.assets.resS ... 
2019-02-11 16:11:54 +0000  267821652 bytes for ./Data/sharedassets0.assets.resS
copying file ./Data/sharedassets0.resource ... 
2019-02-11 16:12:03 +0000  312788113 bytes for ./Data/sharedassets0.resource
copying file ./Data/unity default resources ... 
2019-02-11 16:12:03 +0000  6271684 bytes for ./Data/unity default resources
2019-02-11 16:12:03 +0000  copying file ./embedded.mobileprovision ... 
9673 bytes for ./embedded.mobileprovision
copying file ./Frameworks/Vuforia.framework/_CodeSignature/CodeResources ... 
2202 bytes for ./Frameworks/Vuforia.framework/_CodeSignature/CodeResources
copying file ./Frameworks/Vuforia.framework/Info.plist ... 
703 bytes for ./Frameworks/Vuforia.framework/Info.plist
copying file ./Frameworks/Vuforia.framework/Vuforia ... 
2019-02-11 16:12:04 +0000  31630368 bytes for ./Frameworks/Vuforia.framework/Vuforia
2019-02-11 16:12:04 +0000  copying file ./Info.plist ... 
2712 bytes for ./Info.plist
copying file ./LaunchImage-1100-Landscape-2436h@3x.png ... 
12707 bytes for ./LaunchImage-1100-Landscape-2436h@3x.png
copying file ./LaunchImage-1100-Portrait-2436h@3x.png ... 
14552 bytes for ./LaunchImage-1100-Portrait-2436h@3x.png
copying file ./LaunchImage-568h@2x.png ... 
4617 bytes for ./LaunchImage-568h@2x.png
copying file ./LaunchImage-700-568h@2x.png ... 
4617 bytes for ./LaunchImage-700-568h@2x.png
copying file ./LaunchImage-700-Landscape@2x~ipad.png ... 
14943 bytes for ./LaunchImage-700-Landscape@2x~ipad.png
copying file ./LaunchImage-700-Landscape~ipad.png ... 
4433 bytes for ./LaunchImage-700-Landscape~ipad.png
copying file ./LaunchImage-700-Portrait@2x~ipad.png ... 
15515 bytes for ./LaunchImage-700-Portrait@2x~ipad.png
copying file ./LaunchImage-700-Portrait~ipad.png ... 
4691 bytes for ./LaunchImage-700-Portrait~ipad.png
copying file ./LaunchImage-700@2x.png ... 
3933 bytes for ./LaunchImage-700@2x.png
copying file ./LaunchImage-800-667h@2x.png ... 
5949 bytes for ./LaunchImage-800-667h@2x.png
copying file ./LaunchImage-800-Landscape-736h@3x.png ... 
12887 bytes for ./LaunchImage-800-Landscape-736h@3x.png
copying file ./LaunchImage-800-Portrait-736h@3x.png ... 
14196 bytes for ./LaunchImage-800-Portrait-736h@3x.png
copying file ./LaunchImage-Landscape@2x~ipad.png ... 
14943 bytes for ./LaunchImage-Landscape@2x~ipad.png
copying file ./LaunchImage-Landscape~ipad.png ... 
4433 bytes for ./LaunchImage-Landscape~ipad.png
copying file ./LaunchImage-Portrait@2x~ipad.png ... 
15515 bytes for ./LaunchImage-Portrait@2x~ipad.png
copying file ./LaunchImage-Portrait~ipad.png ... 
4691 bytes for ./LaunchImage-Portrait~ipad.png
copying file ./LaunchImage.png ... 
1425 bytes for ./LaunchImage.png
copying file ./LaunchImage@2x.png ... 
3933 bytes for ./LaunchImage@2x.png
copying file ./LaunchScreen-iPad.nib ... 
1443 bytes for ./LaunchScreen-iPad.nib
copying file ./LaunchScreen-iPad.png ... 
138 bytes for ./LaunchScreen-iPad.png
copying file ./LaunchScreen-iPhone.nib ... 
1453 bytes for ./LaunchScreen-iPhone.nib
copying file ./LaunchScreen-iPhoneLandscape.png ... 
138 bytes for ./LaunchScreen-iPhoneLandscape.png
copying file ./LaunchScreen-iPhonePortrait.png ... 
138 bytes for ./LaunchScreen-iPhonePortrait.png
copying file ./PkgInfo ... 
8 bytes for ./PkgInfo
copying file ./ProductName ... 
2019-02-11 16:12:04 +0000  46845552 bytes for ./ProductName
2019-02-11 16:12:04 +0000  /usr/bin/ditto exited with 0
2019-02-11 16:12:04 +0000  copying file ./Vuforia/Archi1810.dat ... 
58600 bytes for ./Vuforia/Archi1810.dat
copying file ./Vuforia/Archi1810.xml ... 
351 bytes for ./Vuforia/Archi1810.xml
copying file ./Vuforia/Bagel.dat ... 
155154 bytes for ./Vuforia/Bagel.dat
copying file ./Vuforia/Bagel.xml ... 
334 bytes for ./Vuforia/Bagel.xml
2019-02-11 16:12:04 +0000  Processing step: IDEDistributionEmbedProfileStep
2019-02-11 16:12:04 +0000  Skipping profile for item: <IDEDistributionItem: 0x7fa1982fb0c0 'com.vuforia.Vuforia' '<DVTFilePath:0x7fa199831f90:'/Users/nationd/Library/Developer/Xcode/Archives/2019-02-11/Unity-iPhone 11.02.19, 16.46.xcarchive/Products/Applications/ProductName.app/Frameworks/Vuforia.framework'>'>
2019-02-11 16:12:04 +0000  Processing step: IDEDistributionAppThinningPlistStep
2019-02-11 16:12:04 +0000  Skipping step: IDEDistributionAppThinningPlistStep because it said so
2019-02-11 16:12:04 +0000  Processing step: IDEDistributionCompileBitcodeStep
2019-02-11 16:12:04 +0000  Skipping step: IDEDistributionCompileBitcodeStep because it said so
2019-02-11 16:12:04 +0000  Processing step: IDEDistributionCodeSlimmingStep
2019-02-11 16:12:04 +0000  Processing step: IDEDistributionCopyBCSymbolMapsStep
2019-02-11 16:12:04 +0000  Skipping step: IDEDistributionCopyBCSymbolMapsStep because it said so
2019-02-11 16:12:04 +0000  Skipping step: IDEDistributionCopyBCSymbolMapsStep because it said so
2019-02-11 16:12:04 +0000  Processing step: IDEDistributionSymbolsStep
2019-02-11 16:12:04 +0000  Skipping step: IDEDistributionSymbolsStep because it said so
2019-02-11 16:12:04 +0000  Skipping step: IDEDistributionSymbolsStep because it said so
2019-02-11 16:12:04 +0000  Processing step: IDEDistributionAppThinningStep
2019-02-11 16:12:04 +0000  Skipping step: IDEDistributionAppThinningStep because it said so
2019-02-11 16:12:04 +0000  Processing step: IDEDistributionArchThinningStep
2019-02-11 16:12:04 +0000  Running /Applications/Xcode.app/Contents/Developer/Toolchains/XcodeDefault.xctoolchain/usr/bin/lipo '/var/folders/t_/yvz5mnr133g_mx0cqcxds30r0000gn/T/XcodeDistPipeline.eWd/Root/Payload/ProductName.app/Frameworks/Vuforia.framework/Vuforia' '-verify_arch' 'arm64e'
2019-02-11 16:12:04 +0000  /Applications/Xcode.app/Contents/Developer/Toolchains/XcodeDefault.xctoolchain/usr/bin/lipo exited with 1
2019-02-11 16:12:04 +0000  Skipping architecture thinning for item "Vuforia" because arch "arm64e" wasn't found
2019-02-11 16:12:04 +0000  Running /Applications/Xcode.app/Contents/Developer/Toolchains/XcodeDefault.xctoolchain/usr/bin/lipo '/var/folders/t_/yvz5mnr133g_mx0cqcxds30r0000gn/T/XcodeDistPipeline.eWd/Root/Payload/ProductName.app/ProductName' '-verify_arch' 'arm64e'
2019-02-11 16:12:04 +0000  /Applications/Xcode.app/Contents/Developer/Toolchains/XcodeDefault.xctoolchain/usr/bin/lipo exited with 1
2019-02-11 16:12:04 +0000  Skipping architecture thinning for item "ProductName" because arch "arm64e" wasn't found
2019-02-11 16:12:04 +0000  Processing step: IDEDistributionODRStep
2019-02-11 16:12:04 +0000  Processing step: IDEDistributionStripXattrsStep
2019-02-11 16:12:04 +0000  Skipping stripping extended attributes of item: <IDEDistributionItem: 0x7fa1982fb0c0 'com.vuforia.Vuforia' '<DVTFilePath:0x7fa199831f90:'/Users/nationd/Library/Developer/Xcode/Archives/2019-02-11/Unity-iPhone 11.02.19, 16.46.xcarchive/Products/Applications/ProductName.app/Frameworks/Vuforia.framework'>'>
2019-02-11 16:12:04 +0000  Running /usr/bin/xattr '-crs' '/var/folders/t_/yvz5mnr133g_mx0cqcxds30r0000gn/T/XcodeDistPipeline.eWd/Root/Payload/ProductName.app'
2019-02-11 16:12:05 +0000  /usr/bin/xattr exited with 0
2019-02-11 16:12:05 +0000  Processing step: IDEDistributionCodesignStep
2019-02-11 16:12:05 +0000  Entitlements for <IDEDistributionItem: 0x7fa1982fb0c0 'com.vuforia.Vuforia' '<DVTFilePath:0x7fa199831f90:'/Users/nationd/Library/Developer/Xcode/Archives/2019-02-11/Unity-iPhone 11.02.19, 16.46.xcarchive/Products/Applications/ProductName.app/Frameworks/Vuforia.framework'>'>: {
}
2019-02-11 16:12:05 +0000  Writing entitlements for <IDEDistributionItem: 0x7fa1982fb0c0 'com.vuforia.Vuforia' '<DVTFilePath:0x7fa199831f90:'/Users/nationd/Library/Developer/Xcode/Archives/2019-02-11/Unity-iPhone 11.02.19, 16.46.xcarchive/Products/Applications/ProductName.app/Frameworks/Vuforia.framework'>'> to: /var/folders/t_/yvz5mnr133g_mx0cqcxds30r0000gn/T/XcodeDistPipeline.eWd/entitlementst49G26
2019-02-11 16:12:05 +0000  Running /usr/bin/codesign '-vvv' '--force' '--sign' '57277E0DF49A13B2E8EC29B73E31C093EFF6228C' '--entitlements' '/var/folders/t_/yvz5mnr133g_mx0cqcxds30r0000gn/T/XcodeDistPipeline.eWd/entitlementst49G26' '--preserve-metadata=identifier,flags,runtime' '/var/folders/t_/yvz5mnr133g_mx0cqcxds30r0000gn/T/XcodeDistPipeline.eWd/Root/Payload/ProductName.app/Frameworks/Vuforia.framework'
2019-02-11 16:12:05 +0000  /var/folders/t_/yvz5mnr133g_mx0cqcxds30r0000gn/T/XcodeDistPipeline.eWd/Root/Payload/ProductName.app/Frameworks/Vuforia.framework: replacing existing signature
2019-02-11 16:12:31 +0000  /var/folders/t_/yvz5mnr133g_mx0cqcxds30r0000gn/T/XcodeDistPipeline.eWd/Root/Payload/ProductName.app/Frameworks/Vuforia.framework: signed bundle with Mach-O universal (armv7 arm64) [com.vuforia.Vuforia]
2019-02-11 16:12:31 +0000  /usr/bin/codesign exited with 0
2019-02-11 16:12:31 +0000  Entitlements for <IDEDistributionItem: 0x7fa19b8adb50 'com.nationdgmbh.Bagelbuilder' '<DVTFilePath:0x7fa198c32570:'/Users/nationd/Library/Developer/Xcode/Archives/2019-02-11/Unity-iPhone 11.02.19, 16.46.xcarchive/Products/Applications/ProductName.app'>'>: {
    "application-identifier" = "79V43URF8W.com.nationdgmbh.Bagelbuilder";
    "com.apple.developer.team-identifier" = 79V43URF8W;
    "get-task-allow" = 1;
    "keychain-access-groups" =     (
        "79V43URF8W.com.nationdgmbh.Bagelbuilder"
    );
}
2019-02-11 16:12:31 +0000  Writing entitlements for <IDEDistributionItem: 0x7fa19b8adb50 'com.nationdgmbh.Bagelbuilder' '<DVTFilePath:0x7fa198c32570:'/Users/nationd/Library/Developer/Xcode/Archives/2019-02-11/Unity-iPhone 11.02.19, 16.46.xcarchive/Products/Applications/ProductName.app'>'> to: /var/folders/t_/yvz5mnr133g_mx0cqcxds30r0000gn/T/XcodeDistPipeline.eWd/entitlements4l3Alc
2019-02-11 16:12:31 +0000  Running /usr/bin/codesign '-vvv' '--force' '--sign' '57277E0DF49A13B2E8EC29B73E31C093EFF6228C' '--entitlements' '/var/folders/t_/yvz5mnr133g_mx0cqcxds30r0000gn/T/XcodeDistPipeline.eWd/entitlements4l3Alc' '--preserve-metadata=identifier,flags,runtime' '/var/folders/t_/yvz5mnr133g_mx0cqcxds30r0000gn/T/XcodeDistPipeline.eWd/Root/Payload/ProductName.app'
2019-02-11 16:12:31 +0000  /var/folders/t_/yvz5mnr133g_mx0cqcxds30r0000gn/T/XcodeDistPipeline.eWd/Root/Payload/ProductName.app: replacing existing signature
2019-02-11 16:12:46 +0000  /var/folders/t_/yvz5mnr133g_mx0cqcxds30r0000gn/T/XcodeDistPipeline.eWd/Root/Payload/ProductName.app: signed app bundle with Mach-O universal (armv7 arm64) [com.nationdgmbh.Bagelbuilder]
2019-02-11 16:12:46 +0000  /usr/bin/codesign exited with 0
2019-02-11 16:12:46 +0000  Processing step: IDEDistributionZipODRItemStep
2019-02-11 16:12:46 +0000  Skipping step: IDEDistributionZipODRItemStep because it said so
2019-02-11 16:12:46 +0000  Skipping step: IDEDistributionZipODRItemStep because it said so
2019-02-11 16:12:46 +0000  Processing step: IDEDistributionCreateIPAStep
2019-02-11 16:12:46 +0000  Running /usr/bin/ditto '-V' '-c' '-k' '--norsrc' '/var/folders/t_/yvz5mnr133g_mx0cqcxds30r0000gn/T/XcodeDistPipeline.eWd/Root' '/var/folders/t_/yvz5mnr133g_mx0cqcxds30r0000gn/T/XcodeDistPipeline.eWd/Packages/Unity-iPhone.ipa'
2019-02-11 16:12:46 +0000  >>> Copying /var/folders/t_/yvz5mnr133g_mx0cqcxds30r0000gn/T/XcodeDistPipeline.eWd/Root 
2019-02-11 16:12:46 +0000  copying file ./Payload/ProductName.app/_CodeSignature/CodeResources ... 
2019-02-11 16:12:46 +0000  24047 bytes for ./Payload/ProductName.app/_CodeSignature/CodeResources
2019-02-11 16:12:46 +0000  copying file ./Payload/ProductName.app/AppIcon20x20@2x.png ... 
2019-02-11 16:12:46 +0000  1272 bytes for ./Payload/ProductName.app/AppIcon20x20@2x.png
copying file ./Payload/ProductName.app/AppIcon20x20@2x~ipad.png ... 
1272 bytes for ./Payload/ProductName.app/AppIcon20x20@2x~ipad.png
copying file ./Payload/ProductName.app/AppIcon20x20@3x.png ... 
2019-02-11 16:12:46 +0000  2252 bytes for ./Payload/ProductName.app/AppIcon20x20@3x.png
copying file ./Payload/ProductName.app/AppIcon20x20~ipad.png ... 
2019-02-11 16:12:46 +0000  683 bytes for ./Payload/ProductName.app/AppIcon20x20~ipad.png
copying file ./Payload/ProductName.app/AppIcon29x29.png ... 
967 bytes for ./Payload/ProductName.app/AppIcon29x29.png
copying file ./Payload/ProductName.app/AppIcon29x29@2x.png ... 
2019-02-11 16:12:46 +0000  2228 bytes for ./Payload/ProductName.app/AppIcon29x29@2x.png
copying file ./Payload/ProductName.app/AppIcon29x29@2x~ipad.png ... 
2228 bytes for ./Payload/ProductName.app/AppIcon29x29@2x~ipad.png
copying file ./Payload/ProductName.app/AppIcon29x29@3x.png ... 
2019-02-11 16:12:46 +0000  4697 bytes for ./Payload/ProductName.app/AppIcon29x29@3x.png
copying file ./Payload/ProductName.app/AppIcon29x29~ipad.png ... 
2019-02-11 16:12:46 +0000  967 bytes for ./Payload/ProductName.app/AppIcon29x29~ipad.png
copying file ./Payload/ProductName.app/AppIcon40x40@2x.png ... 
2019-02-11 16:12:46 +0000  3817 bytes for ./Payload/ProductName.app/AppIcon40x40@2x.png
copying file ./Payload/ProductName.app/AppIcon40x40@2x~ipad.png ... 
2019-02-11 16:12:46 +0000  3817 bytes for ./Payload/ProductName.app/AppIcon40x40@2x~ipad.png
copying file ./Payload/ProductName.app/AppIcon40x40@3x.png ... 
7924 bytes for ./Payload/ProductName.app/AppIcon40x40@3x.png
2019-02-11 16:12:46 +0000  copying file ./Payload/ProductName.app/AppIcon40x40~ipad.png ... 
1272 bytes for ./Payload/ProductName.app/AppIcon40x40~ipad.png
copying file ./Payload/ProductName.app/AppIcon60x60@2x.png ... 
2019-02-11 16:12:46 +0000  7924 bytes for ./Payload/ProductName.app/AppIcon60x60@2x.png
copying file ./Payload/ProductName.app/AppIcon60x60@3x.png ... 
2019-02-11 16:12:46 +0000  16837 bytes for ./Payload/ProductName.app/AppIcon60x60@3x.png
2019-02-11 16:12:46 +0000  copying file ./Payload/ProductName.app/AppIcon76x76@2x~ipad.png ... 
2019-02-11 16:12:46 +0000  12711 bytes for ./Payload/ProductName.app/AppIcon76x76@2x~ipad.png
copying file ./Payload/ProductName.app/AppIcon76x76~ipad.png ... 
2019-02-11 16:12:46 +0000  3839 bytes for ./Payload/ProductName.app/AppIcon76x76~ipad.png
copying file ./Payload/ProductName.app/AppIcon83.5x83.5@2x~ipad.png ... 
2019-02-11 16:12:46 +0000  15172 bytes for ./Payload/ProductName.app/AppIcon83.5x83.5@2x~ipad.png
2019-02-11 16:12:46 +0000  copying file ./Payload/ProductName.app/Assets.car ... 
2019-02-11 16:12:46 +0000  470104 bytes for ./Payload/ProductName.app/Assets.car
2019-02-11 16:12:46 +0000  copying file ./Payload/ProductName.app/Data/boot.config ... 
167 bytes for ./Payload/ProductName.app/Data/boot.config
copying file ./Payload/ProductName.app/Data/globalgamemanagers ... 
2019-02-11 16:12:46 +0000  45144 bytes for ./Payload/ProductName.app/Data/globalgamemanagers
2019-02-11 16:12:46 +0000  copying file ./Payload/ProductName.app/Data/globalgamemanagers.assets ... 
2019-02-11 16:12:46 +0000  104164 bytes for ./Payload/ProductName.app/Data/globalgamemanagers.assets
2019-02-11 16:12:46 +0000  copying file ./Payload/ProductName.app/Data/level0 ... 
2019-02-11 16:12:46 +0000  25312 bytes for ./Payload/ProductName.app/Data/level0
2019-02-11 16:12:46 +0000  copying file ./Payload/ProductName.app/Data/level0.resS ... 
2019-02-11 16:12:46 +0000  393212 bytes for ./Payload/ProductName.app/Data/level0.resS
2019-02-11 16:12:46 +0000  copying file ./Payload/ProductName.app/Data/Managed/Metadata/global-metadata.dat ... 
2019-02-11 16:12:46 +0000  3684584 bytes for ./Payload/ProductName.app/Data/Managed/Metadata/global-metadata.dat
2019-02-11 16:12:46 +0000  copying file ./Payload/ProductName.app/Data/Managed/mono/2.0/machine.config ... 
27625 bytes for ./Payload/ProductName.app/Data/Managed/mono/2.0/machine.config
copying file ./Payload/ProductName.app/Data/Managed/mono/4.0/machine.config ... 
33648 bytes for ./Payload/ProductName.app/Data/Managed/mono/4.0/machine.config
copying file ./Payload/ProductName.app/Data/Managed/Resources/mscorlib.dll-resources.dat ... 
2019-02-11 16:12:46 +0000  337563 bytes for ./Payload/ProductName.app/Data/Managed/Resources/mscorlib.dll-resources.dat
2019-02-11 16:12:46 +0000  copying file ./Payload/ProductName.app/Data/Raw/Vuforia/Archi1810.dat ... 
2019-02-11 16:12:46 +0000  58600 bytes for ./Payload/ProductName.app/Data/Raw/Vuforia/Archi1810.dat
copying file ./Payload/ProductName.app/Data/Raw/Vuforia/Archi1810.xml ... 
2019-02-11 16:12:46 +0000  351 bytes for ./Payload/ProductName.app/Data/Raw/Vuforia/Archi1810.xml
copying file ./Payload/ProductName.app/Data/Raw/Vuforia/Bagel.dat ... 
2019-02-11 16:12:46 +0000  155154 bytes for ./Payload/ProductName.app/Data/Raw/Vuforia/Bagel.dat
copying file ./Payload/ProductName.app/Data/Raw/Vuforia/Bagel.xml ... 
2019-02-11 16:12:46 +0000  334 bytes for ./Payload/ProductName.app/Data/Raw/Vuforia/Bagel.xml
copying file ./Payload/ProductName.app/Data/Resources/unity_builtin_extra ... 
2019-02-11 16:12:46 +0000  842108 bytes for ./Payload/ProductName.app/Data/Resources/unity_builtin_extra
2019-02-11 16:12:46 +0000  copying file ./Payload/ProductName.app/Data/resources.assets ... 
2019-02-11 16:12:46 +0000  306232 bytes for ./Payload/ProductName.app/Data/resources.assets
copying file ./Payload/ProductName.app/Data/resources.assets.resS ... 
2019-02-11 16:12:46 +0000  174848 bytes for ./Payload/ProductName.app/Data/resources.assets.resS
copying file ./Payload/ProductName.app/Data/sharedassets0.assets ... 
2019-02-11 16:12:46 +0000  1402256 bytes for ./Payload/ProductName.app/Data/sharedassets0.assets
copying file ./Payload/ProductName.app/Data/sharedassets0.assets.resS ... 
2019-02-11 16:12:57 +0000  267821652 bytes for ./Payload/ProductName.app/Data/sharedassets0.assets.resS
copying file ./Payload/ProductName.app/Data/sharedassets0.resource ... 
2019-02-11 16:13:07 +0000  312788113 bytes for ./Payload/ProductName.app/Data/sharedassets0.resource
copying file ./Payload/ProductName.app/Data/unity default resources ... 
2019-02-11 16:13:07 +0000  6271684 bytes for ./Payload/ProductName.app/Data/unity default resources
2019-02-11 16:13:07 +0000  copying file ./Payload/ProductName.app/embedded.mobileprovision ... 
2019-02-11 16:13:07 +0000  9673 bytes for ./Payload/ProductName.app/embedded.mobileprovision
copying file ./Payload/ProductName.app/Frameworks/Vuforia.framework/_CodeSignature/CodeResources ... 
2202 bytes for ./Payload/ProductName.app/Frameworks/Vuforia.framework/_CodeSignature/CodeResources
2019-02-11 16:13:07 +0000  copying file ./Payload/ProductName.app/Frameworks/Vuforia.framework/Info.plist ... 
703 bytes for ./Payload/ProductName.app/Frameworks/Vuforia.framework/Info.plist
copying file ./Payload/ProductName.app/Frameworks/Vuforia.framework/Vuforia ... 
2019-02-11 16:13:08 +0000  31630672 bytes for ./Payload/ProductName.app/Frameworks/Vuforia.framework/Vuforia
2019-02-11 16:13:08 +0000  copying file ./Payload/ProductName.app/Info.plist ... 
2712 bytes for ./Payload/ProductName.app/Info.plist
copying file ./Payload/ProductName.app/LaunchImage-1100-Landscape-2436h@3x.png ... 
2019-02-11 16:13:08 +0000  12707 bytes for ./Payload/ProductName.app/LaunchImage-1100-Landscape-2436h@3x.png
copying file ./Payload/ProductName.app/LaunchImage-1100-Portrait-2436h@3x.png ... 
2019-02-11 16:13:08 +0000  14552 bytes for ./Payload/ProductName.app/LaunchImage-1100-Portrait-2436h@3x.png
copying file ./Payload/ProductName.app/LaunchImage-568h@2x.png ... 
4617 bytes for ./Payload/ProductName.app/LaunchImage-568h@2x.png
copying file ./Payload/ProductName.app/LaunchImage-700-568h@2x.png ... 
2019-02-11 16:13:08 +0000  4617 bytes for ./Payload/ProductName.app/LaunchImage-700-568h@2x.png
copying file ./Payload/ProductName.app/LaunchImage-700-Landscape@2x~ipad.png ... 
2019-02-11 16:13:08 +0000  14943 bytes for ./Payload/ProductName.app/LaunchImage-700-Landscape@2x~ipad.png
copying file ./Payload/ProductName.app/LaunchImage-700-Landscape~ipad.png ... 
4433 bytes for ./Payload/ProductName.app/LaunchImage-700-Landscape~ipad.png
copying file ./Payload/ProductName.app/LaunchImage-700-Portrait@2x~ipad.png ... 
2019-02-11 16:13:08 +0000  15515 bytes for ./Payload/ProductName.app/LaunchImage-700-Portrait@2x~ipad.png
copying file ./Payload/ProductName.app/LaunchImage-700-Portrait~ipad.png ... 
2019-02-11 16:13:08 +0000  4691 bytes for ./Payload/ProductName.app/LaunchImage-700-Portrait~ipad.png
copying file ./Payload/ProductName.app/LaunchImage-700@2x.png ... 
3933 bytes for ./Payload/ProductName.app/LaunchImage-700@2x.png
copying file ./Payload/ProductName.app/LaunchImage-800-667h@2x.png ... 
2019-02-11 16:13:08 +0000  5949 bytes for ./Payload/ProductName.app/LaunchImage-800-667h@2x.png
copying file ./Payload/ProductName.app/LaunchImage-800-Landscape-736h@3x.png ... 
2019-02-11 16:13:08 +0000  12887 bytes for ./Payload/ProductName.app/LaunchImage-800-Landscape-736h@3x.png
copying file ./Payload/ProductName.app/LaunchImage-800-Portrait-736h@3x.png ... 
14196 bytes for ./Payload/ProductName.app/LaunchImage-800-Portrait-736h@3x.png
copying file ./Payload/ProductName.app/LaunchImage-Landscape@2x~ipad.png ... 
2019-02-11 16:13:08 +0000  14943 bytes for ./Payload/ProductName.app/LaunchImage-Landscape@2x~ipad.png
copying file ./Payload/ProductName.app/LaunchImage-Landscape~ipad.png ... 
2019-02-11 16:13:08 +0000  4433 bytes for ./Payload/ProductName.app/LaunchImage-Landscape~ipad.png
copying file ./Payload/ProductName.app/LaunchImage-Portrait@2x~ipad.png ... 
2019-02-11 16:13:08 +0000  15515 bytes for ./Payload/ProductName.app/LaunchImage-Portrait@2x~ipad.png
copying file ./Payload/ProductName.app/LaunchImage-Portrait~ipad.png ... 
2019-02-11 16:13:08 +0000  4691 bytes for ./Payload/ProductName.app/LaunchImage-Portrait~ipad.png
copying file ./Payload/ProductName.app/LaunchImage.png ... 
1425 bytes for ./Payload/ProductName.app/LaunchImage.png
copying file ./Payload/ProductName.app/LaunchImage@2x.png ... 
2019-02-11 16:13:08 +0000  3933 bytes for ./Payload/ProductName.app/LaunchImage@2x.png
copying file ./Payload/ProductName.app/LaunchScreen-iPad.nib ... 
2019-02-11 16:13:08 +0000  1443 bytes for ./Payload/ProductName.app/LaunchScreen-iPad.nib
copying file ./Payload/ProductName.app/LaunchScreen-iPad.png ... 
138 bytes for ./Payload/ProductName.app/LaunchScreen-iPad.png
copying file ./Payload/ProductName.app/LaunchScreen-iPhone.nib ... 
2019-02-11 16:13:08 +0000  1453 bytes for ./Payload/ProductName.app/LaunchScreen-iPhone.nib
copying file ./Payload/ProductName.app/LaunchScreen-iPhoneLandscape.png ... 
138 bytes for ./Payload/ProductName.app/LaunchScreen-iPhoneLandscape.png
copying file ./Payload/ProductName.app/LaunchScreen-iPhonePortrait.png ... 
2019-02-11 16:13:08 +0000  138 bytes for ./Payload/ProductName.app/LaunchScreen-iPhonePortrait.png
copying file ./Payload/ProductName.app/PkgInfo ... 
8 bytes for ./Payload/ProductName.app/PkgInfo
copying file ./Payload/ProductName.app/ProductName ... 
2019-02-11 16:13:11 +0000  46845552 bytes for ./Payload/ProductName.app/ProductName
2019-02-11 16:13:11 +0000  copying file ./Payload/ProductName.app/Vuforia/Archi1810.dat ... 
2019-02-11 16:13:11 +0000  58600 bytes for ./Payload/ProductName.app/Vuforia/Archi1810.dat
copying file ./Payload/ProductName.app/Vuforia/Archi1810.xml ... 
2019-02-11 16:13:11 +0000  351 bytes for ./Payload/ProductName.app/Vuforia/Archi1810.xml
copying file ./Payload/ProductName.app/Vuforia/Bagel.dat ... 
2019-02-11 16:13:11 +0000  155154 bytes for ./Payload/ProductName.app/Vuforia/Bagel.dat
2019-02-11 16:13:11 +0000  copying file ./Payload/ProductName.app/Vuforia/Bagel.xml ... 
334 bytes for ./Payload/ProductName.app/Vuforia/Bagel.xml
2019-02-11 16:13:11 +0000  /usr/bin/ditto exited with 0
2019-02-11 16:13:11 +0000  Processing step: IDEDistributionAppStoreInformationStep
2019-02-11 16:13:11 +0000  Skipping step: IDEDistributionAppStoreInformationStep because it said so
2019-02-11 16:13:11 +0000  Processing step: IDEDistributionCreateManifestStep
