2019-02-11 13:43:40 +0000  Initial pipeline context: <IDEDistributionProcessingPipelineContext: 0x7fa1afcb13b0; archive(resolved)='<IDEArchive: 0x7fa1981bf4e0>', distributionTask(resolved)='2', distributionDestination(resolved)='1', distributionMethod(resolved)='<IDEDistributionMethodiOSAppStoreDistribution: 0x7fa1b085a160>', team(resolved)='<IDEProvisioningDisambiguatableBasicTeam: 0x7fa1acce3e00; teamID='79V43URF8W', teamName='nation d GmbH', teamType='Company', username='info@nationd.de', isFreeProvisioningTeam='0'>'>
	Chain (12, self inclusive):
	<IDEDistributionProcessingPipelineContext: 0x7fa1afcb13b0; archive = '<IDEArchive: 0x7fa1981bf4e0>', distributionMethod='<IDEDistributionMethodiOSAppStoreDistribution: 0x7fa1b085a160>', team='<IDEProvisioningDisambiguatableBasicTeam: 0x7fa1acce3e00; teamID='79V43URF8W', teamName='nation d GmbH', teamType='Company', username='info@nationd.de', isFreeProvisioningTeam='0'>'>
	<IDEDistributionProcessingPipelineContext: 0x7fa1983d4d50; archive = '<IDEArchive: 0x7fa1981bf4e0>', distributionMethod='<IDEDistributionMethodiOSAppStoreDistribution: 0x7fa1b085a160>', team='<IDEProvisioningDisambiguatableBasicTeam: 0x7fa1acce3e00; teamID='79V43URF8W', teamName='nation d GmbH', teamType='Company', username='info@nationd.de', isFreeProvisioningTeam='0'>'>
	<IDEDistributionContext: 0x7fa1987d0530; archive = '<IDEArchive: 0x7fa1981bf4e0>', distributionMethod='<IDEDistributionMethodiOSAppStoreDistribution: 0x7fa1b085a160>', team='<IDEProvisioningDisambiguatableBasicTeam: 0x7fa1acce3e00; teamID='79V43URF8W', teamName='nation d GmbH', teamType='Company', username='info@nationd.de', isFreeProvisioningTeam='0'>'>
	<IDEDistributionContext: 0x7fa198c01920; archive = '<IDEArchive: 0x7fa1981bf4e0>', distributionMethod='<IDEDistributionMethodiOSAppStoreDistribution: 0x7fa1b085a160>', team='<IDEProvisioningDisambiguatableBasicTeam: 0x7fa1acce3e00; teamID='79V43URF8W', teamName='nation d GmbH', teamType='Company', username='info@nationd.de', isFreeProvisioningTeam='0'>'>
	<IDEDistributionContext: 0x7fa198d1c390; archive = '<IDEArchive: 0x7fa1981bf4e0>', distributionMethod='<IDEDistributionMethodiOSAppStoreDistribution: 0x7fa1b085a160>', team='<IDEProvisioningDisambiguatableBasicTeam: 0x7fa1acce3e00; teamID='79V43URF8W', teamName='nation d GmbH', teamType='Company', username='info@nationd.de', isFreeProvisioningTeam='0'>'>
	<IDEDistributionContext: 0x7fa1987ee840; archive = '<IDEArchive: 0x7fa1981bf4e0>', distributionMethod='<IDEDistributionMethodiOSAppStoreDistribution: 0x7fa1b085a160>', team='<IDEProvisioningDisambiguatableBasicTeam: 0x7fa1acce3e00; teamID='79V43URF8W', teamName='nation d GmbH', teamType='Company', username='info@nationd.de', isFreeProvisioningTeam='0'>'>
	<IDEDistributionContext: 0x7fa197c79070; archive = '<IDEArchive: 0x7fa1981bf4e0>', distributionMethod='<IDEDistributionMethodiOSAppStoreDistribution: 0x7fa1b085a160>', team='<IDEProvisioningDisambiguatableBasicTeam: 0x7fa1acce3e00; teamID='79V43URF8W', teamName='nation d GmbH', teamType='Company', username='info@nationd.de', isFreeProvisioningTeam='0'>'>
	<IDEDistributionContext: 0x7fa197a79420; archive = '<IDEArchive: 0x7fa1981bf4e0>', distributionMethod='<IDEDistributionMethodiOSAppStoreDistribution: 0x7fa1b085a160>', team='<IDEProvisioningDisambiguatableBasicTeam: 0x7fa1acce3e00; teamID='79V43URF8W', teamName='nation d GmbH', teamType='Company', username='info@nationd.de', isFreeProvisioningTeam='0'>'>
	<IDEDistributionContext: 0x7fa1983add50; archive = '<IDEArchive: 0x7fa1981bf4e0>', distributionMethod='<IDEDistributionMethodiOSAppStoreDistribution: 0x7fa1b085a160>', team='<IDEProvisioningDisambiguatableBasicTeam: 0x7fa1acce3e00; teamID='79V43URF8W', teamName='nation d GmbH', teamType='Company', username='info@nationd.de', isFreeProvisioningTeam='0'>'>
	<IDEDistributionContext: 0x7fa1983dec70; archive = '<IDEArchive: 0x7fa1981bf4e0>', distributionMethod='<IDEDistributionMethodiOSAppStoreDistribution: 0x7fa1b085a160>', team='(null)'>
	<IDEDistributionContext: 0x7fa1987e3490; archive = '<IDEArchive: 0x7fa1981bf4e0>', distributionMethod='<IDEDistributionMethodiOSAppStoreDistribution: 0x7fa1b085a160>', team='(null)'>
	<IDEDistributionContext: 0x7fa1b27c1d60; archive = '<IDEArchive: 0x7fa1981bf4e0>', distributionMethod='(null)', team='(null)'>
</IDEDistributionProcessingPipelineContext: 0x7fa1afcb13b0>
2019-02-11 13:43:40 +0000  Processing step: IDEDistributionCreateDestRootStep
2019-02-11 13:43:40 +0000  Processing step: IDEDistributionCopyItemStep
2019-02-11 13:43:40 +0000  Running /usr/bin/ditto '-V' '/Users/nationd/Library/Developer/Xcode/Archives/2019-02-11/Unity-iPhone 11.02.19, 14.10.xcarchive/Products/Applications/ProductName.app' '/var/folders/t_/yvz5mnr133g_mx0cqcxds30r0000gn/T/XcodeDistPipeline.lIS/Root/Payload/ProductName.app'
2019-02-11 13:43:40 +0000  >>> Copying /Users/nationd/Library/Developer/Xcode/Archives/2019-02-11/Unity-iPhone 11.02.19, 14.10.xcarchive/Products/Applications/ProductName.app 
2019-02-11 13:43:40 +0000  copying file ./_CodeSignature/CodeResources ... 
2019-02-11 13:43:40 +0000  24047 bytes for ./_CodeSignature/CodeResources
copying file ./AppIcon20x20@2x.png ... 
2019-02-11 13:43:40 +0000  1272 bytes for ./AppIcon20x20@2x.png
copying file ./AppIcon20x20@2x~ipad.png ... 
1272 bytes for ./AppIcon20x20@2x~ipad.png
copying file ./AppIcon20x20@3x.png ... 
2019-02-11 13:43:40 +0000  2252 bytes for ./AppIcon20x20@3x.png
copying file ./AppIcon20x20~ipad.png ... 
683 bytes for ./AppIcon20x20~ipad.png
copying file ./AppIcon29x29.png ... 
967 bytes for ./AppIcon29x29.png
copying file ./AppIcon29x29@2x.png ... 
2228 bytes for ./AppIcon29x29@2x.png
copying file ./AppIcon29x29@2x~ipad.png ... 
2019-02-11 13:43:40 +0000  2228 bytes for ./AppIcon29x29@2x~ipad.png
copying file ./AppIcon29x29@3x.png ... 
2019-02-11 13:43:40 +0000  4697 bytes for ./AppIcon29x29@3x.png
copying file ./AppIcon29x29~ipad.png ... 
2019-02-11 13:43:40 +0000  967 bytes for ./AppIcon29x29~ipad.png
copying file ./AppIcon40x40@2x.png ... 
3817 bytes for ./AppIcon40x40@2x.png
copying file ./AppIcon40x40@2x~ipad.png ... 
3817 bytes for ./AppIcon40x40@2x~ipad.png
copying file ./AppIcon40x40@3x.png ... 
2019-02-11 13:43:40 +0000  7924 bytes for ./AppIcon40x40@3x.png
copying file ./AppIcon40x40~ipad.png ... 
2019-02-11 13:43:40 +0000  1272 bytes for ./AppIcon40x40~ipad.png
copying file ./AppIcon60x60@2x.png ... 
2019-02-11 13:43:40 +0000  7924 bytes for ./AppIcon60x60@2x.png
copying file ./AppIcon60x60@3x.png ... 
2019-02-11 13:43:40 +0000  16837 bytes for ./AppIcon60x60@3x.png
copying file ./AppIcon76x76@2x~ipad.png ... 
2019-02-11 13:43:40 +0000  12711 bytes for ./AppIcon76x76@2x~ipad.png
copying file ./AppIcon76x76~ipad.png ... 
2019-02-11 13:43:40 +0000  3839 bytes for ./AppIcon76x76~ipad.png
copying file ./AppIcon83.5x83.5@2x~ipad.png ... 
2019-02-11 13:43:40 +0000  15172 bytes for ./AppIcon83.5x83.5@2x~ipad.png
2019-02-11 13:43:40 +0000  copying file ./Assets.car ... 
2019-02-11 13:43:40 +0000  470104 bytes for ./Assets.car
2019-02-11 13:43:40 +0000  copying file ./Data/boot.config ... 
167 bytes for ./Data/boot.config
copying file ./Data/globalgamemanagers ... 
2019-02-11 13:43:40 +0000  45144 bytes for ./Data/globalgamemanagers
copying file ./Data/globalgamemanagers.assets ... 
2019-02-11 13:43:40 +0000  104164 bytes for ./Data/globalgamemanagers.assets
copying file ./Data/level0 ... 
2019-02-11 13:43:40 +0000  25312 bytes for ./Data/level0
copying file ./Data/level0.resS ... 
2019-02-11 13:43:40 +0000  393212 bytes for ./Data/level0.resS
2019-02-11 13:43:40 +0000  copying file ./Data/Managed/Metadata/global-metadata.dat ... 
2019-02-11 13:43:40 +0000  3684584 bytes for ./Data/Managed/Metadata/global-metadata.dat
2019-02-11 13:43:40 +0000  copying file ./Data/Managed/mono/2.0/machine.config ... 
27625 bytes for ./Data/Managed/mono/2.0/machine.config
copying file ./Data/Managed/mono/4.0/machine.config ... 
2019-02-11 13:43:40 +0000  33648 bytes for ./Data/Managed/mono/4.0/machine.config
copying file ./Data/Managed/Resources/mscorlib.dll-resources.dat ... 
2019-02-11 13:43:40 +0000  337563 bytes for ./Data/Managed/Resources/mscorlib.dll-resources.dat
2019-02-11 13:43:40 +0000  copying file ./Data/Raw/Vuforia/Archi1810.dat ... 
2019-02-11 13:43:40 +0000  58600 bytes for ./Data/Raw/Vuforia/Archi1810.dat
copying file ./Data/Raw/Vuforia/Archi1810.xml ... 
351 bytes for ./Data/Raw/Vuforia/Archi1810.xml
copying file ./Data/Raw/Vuforia/Bagel.dat ... 
2019-02-11 13:43:40 +0000  155154 bytes for ./Data/Raw/Vuforia/Bagel.dat
copying file ./Data/Raw/Vuforia/Bagel.xml ... 
2019-02-11 13:43:40 +0000  334 bytes for ./Data/Raw/Vuforia/Bagel.xml
copying file ./Data/Resources/unity_builtin_extra ... 
2019-02-11 13:43:40 +0000  842108 bytes for ./Data/Resources/unity_builtin_extra
2019-02-11 13:43:40 +0000  copying file ./Data/resources.assets ... 
2019-02-11 13:43:40 +0000  306232 bytes for ./Data/resources.assets
copying file ./Data/resources.assets.resS ... 
2019-02-11 13:43:40 +0000  174848 bytes for ./Data/resources.assets.resS
2019-02-11 13:43:40 +0000  copying file ./Data/sharedassets0.assets ... 
2019-02-11 13:43:40 +0000  1402256 bytes for ./Data/sharedassets0.assets
copying file ./Data/sharedassets0.assets.resS ... 
2019-02-11 13:43:43 +0000  267821652 bytes for ./Data/sharedassets0.assets.resS
copying file ./Data/sharedassets0.resource ... 
2019-02-11 13:43:46 +0000  312788113 bytes for ./Data/sharedassets0.resource
copying file ./Data/unity default resources ... 
2019-02-11 13:43:46 +0000  6271684 bytes for ./Data/unity default resources
2019-02-11 13:43:46 +0000  copying file ./embedded.mobileprovision ... 
9673 bytes for ./embedded.mobileprovision
copying file ./Frameworks/Vuforia.framework/_CodeSignature/CodeResources ... 
2202 bytes for ./Frameworks/Vuforia.framework/_CodeSignature/CodeResources
copying file ./Frameworks/Vuforia.framework/Info.plist ... 
703 bytes for ./Frameworks/Vuforia.framework/Info.plist
copying file ./Frameworks/Vuforia.framework/Vuforia ... 
2019-02-11 13:43:46 +0000  31630368 bytes for ./Frameworks/Vuforia.framework/Vuforia
2019-02-11 13:43:47 +0000  copying file ./Info.plist ... 
2609 bytes for ./Info.plist
copying file ./LaunchImage-1100-Landscape-2436h@3x.png ... 
12707 bytes for ./LaunchImage-1100-Landscape-2436h@3x.png
copying file ./LaunchImage-1100-Portrait-2436h@3x.png ... 
2019-02-11 13:43:47 +0000  14552 bytes for ./LaunchImage-1100-Portrait-2436h@3x.png
copying file ./LaunchImage-568h@2x.png ... 
2019-02-11 13:43:47 +0000  4617 bytes for ./LaunchImage-568h@2x.png
copying file ./LaunchImage-700-568h@2x.png ... 
2019-02-11 13:43:47 +0000  4617 bytes for ./LaunchImage-700-568h@2x.png
2019-02-11 13:43:47 +0000  copying file ./LaunchImage-700-Landscape@2x~ipad.png ... 
2019-02-11 13:43:47 +0000  14943 bytes for ./LaunchImage-700-Landscape@2x~ipad.png
2019-02-11 13:43:47 +0000  copying file ./LaunchImage-700-Landscape~ipad.png ... 
2019-02-11 13:43:47 +0000  4433 bytes for ./LaunchImage-700-Landscape~ipad.png
copying file ./LaunchImage-700-Portrait@2x~ipad.png ... 
2019-02-11 13:43:47 +0000  15515 bytes for ./LaunchImage-700-Portrait@2x~ipad.png
copying file ./LaunchImage-700-Portrait~ipad.png ... 
2019-02-11 13:43:47 +0000  4691 bytes for ./LaunchImage-700-Portrait~ipad.png
copying file ./LaunchImage-700@2x.png ... 
2019-02-11 13:43:47 +0000  3933 bytes for ./LaunchImage-700@2x.png
copying file ./LaunchImage-800-667h@2x.png ... 
2019-02-11 13:43:47 +0000  5949 bytes for ./LaunchImage-800-667h@2x.png
copying file ./LaunchImage-800-Landscape-736h@3x.png ... 
2019-02-11 13:43:47 +0000  12887 bytes for ./LaunchImage-800-Landscape-736h@3x.png
2019-02-11 13:43:47 +0000  copying file ./LaunchImage-800-Portrait-736h@3x.png ... 
2019-02-11 13:43:47 +0000  14196 bytes for ./LaunchImage-800-Portrait-736h@3x.png
2019-02-11 13:43:47 +0000  copying file ./LaunchImage-Landscape@2x~ipad.png ... 
2019-02-11 13:43:47 +0000  14943 bytes for ./LaunchImage-Landscape@2x~ipad.png
copying file ./LaunchImage-Landscape~ipad.png ... 
2019-02-11 13:43:47 +0000  4433 bytes for ./LaunchImage-Landscape~ipad.png
copying file ./LaunchImage-Portrait@2x~ipad.png ... 
2019-02-11 13:43:47 +0000  15515 bytes for ./LaunchImage-Portrait@2x~ipad.png
copying file ./LaunchImage-Portrait~ipad.png ... 
2019-02-11 13:43:47 +0000  4691 bytes for ./LaunchImage-Portrait~ipad.png
copying file ./LaunchImage.png ... 
1425 bytes for ./LaunchImage.png
copying file ./LaunchImage@2x.png ... 
2019-02-11 13:43:47 +0000  3933 bytes for ./LaunchImage@2x.png
copying file ./LaunchScreen-iPad.nib ... 
1443 bytes for ./LaunchScreen-iPad.nib
copying file ./LaunchScreen-iPad.png ... 
138 bytes for ./LaunchScreen-iPad.png
copying file ./LaunchScreen-iPhone.nib ... 
1453 bytes for ./LaunchScreen-iPhone.nib
copying file ./LaunchScreen-iPhoneLandscape.png ... 
138 bytes for ./LaunchScreen-iPhoneLandscape.png
copying file ./LaunchScreen-iPhonePortrait.png ... 
138 bytes for ./LaunchScreen-iPhonePortrait.png
copying file ./PkgInfo ... 
2019-02-11 13:43:47 +0000  8 bytes for ./PkgInfo
copying file ./ProductName ... 
2019-02-11 13:43:47 +0000  46845552 bytes for ./ProductName
2019-02-11 13:43:47 +0000  copying file ./Vuforia/Archi1810.dat ... 
2019-02-11 13:43:47 +0000  58600 bytes for ./Vuforia/Archi1810.dat
2019-02-11 13:43:47 +0000  copying file ./Vuforia/Archi1810.xml ... 
351 bytes for ./Vuforia/Archi1810.xml
copying file ./Vuforia/Bagel.dat ... 
2019-02-11 13:43:47 +0000  155154 bytes for ./Vuforia/Bagel.dat
copying file ./Vuforia/Bagel.xml ... 
2019-02-11 13:43:47 +0000  /usr/bin/ditto exited with 0
2019-02-11 13:43:47 +0000  334 bytes for ./Vuforia/Bagel.xml
2019-02-11 13:43:47 +0000  Processing step: IDEDistributionEmbedProfileStep
2019-02-11 13:43:47 +0000  Skipping profile for item: <IDEDistributionItem: 0x7fa1981ed890 'com.vuforia.Vuforia' '<DVTFilePath:0x7fa1981cba60:'/Users/nationd/Library/Developer/Xcode/Archives/2019-02-11/Unity-iPhone 11.02.19, 14.10.xcarchive/Products/Applications/ProductName.app/Frameworks/Vuforia.framework'>'>
2019-02-11 13:43:47 +0000  Processing step: IDEDistributionItemRemovalStep
2019-02-11 13:43:47 +0000  Processing step: IDEDistributionAppThinningPlistStep
2019-02-11 13:43:47 +0000  Skipping step: IDEDistributionAppThinningPlistStep because it said so
2019-02-11 13:43:47 +0000  Processing step: IDEDistributionCompileBitcodeStep
2019-02-11 13:43:47 +0000  Skipping step: IDEDistributionCompileBitcodeStep because it said so
2019-02-11 13:43:47 +0000  Processing step: IDEDistributionCodeSlimmingStep
2019-02-11 13:43:47 +0000  Processing step: IDEDistributionCopyBCSymbolMapsStep
2019-02-11 13:43:47 +0000  Processing step: IDEDistributionSymbolsStep
2019-02-11 13:43:47 +0000  Processing symbols for Vuforia.framework
2019-02-11 13:43:47 +0000  Running /usr/bin/rsync '-8aPhhE' '/var/folders/t_/yvz5mnr133g_mx0cqcxds30r0000gn/T/XcodeDistPipeline.lIS/Root/Payload/ProductName.app/Frameworks/Vuforia.framework' '--link-dest' '/var/folders/t_/yvz5mnr133g_mx0cqcxds30r0000gn/T/XcodeDistPipeline.lIS/Root/Payload/ProductName.app/Frameworks' '/var/folders/t_/yvz5mnr133g_mx0cqcxds30r0000gn/T/XcodeDistPipeline.lIS'
2019-02-11 13:43:48 +0000  building file list ... 
2019-02-11 13:43:48 +0000   0 files...2019-02-11 13:43:48 +0000  5 files to consider
2019-02-11 13:43:48 +0000  Vuforia.framework/
2019-02-11 13:43:48 +0000  Vuforia.framework/_CodeSignature/
2019-02-11 13:43:48 +0000  
2019-02-11 13:43:48 +0000  sent 219 bytes  received 32 bytes  502.00 bytes/sec
total size is 30.17M  speedup is 126028.98
2019-02-11 13:43:48 +0000  /usr/bin/rsync exited with 0
2019-02-11 13:43:48 +0000  Running /usr/bin/rsync '-8aPhhE' '/Users/nationd/Library/Developer/Xcode/Archives/2019-02-11/Unity-iPhone 11.02.19, 14.10.xcarchive/dSYMs/' '--link-dest' '/Users/nationd/Library/Developer/Xcode/Archives/2019-02-11/Unity-iPhone 11.02.19, 14.10.xcarchive/dSYMs/' '/var/folders/t_/yvz5mnr133g_mx0cqcxds30r0000gn/T/XcodeDistPipeline.lIS'
2019-02-11 13:43:48 +0000  building file list ... 
2019-02-11 13:43:48 +0000   0 files...2019-02-11 13:43:48 +0000  7 files to consider
2019-02-11 13:43:48 +0000  ./
2019-02-11 13:43:48 +0000  ProductName.app.dSYM/
ProductName.app.dSYM/Contents/
2019-02-11 13:43:48 +0000  ProductName.app.dSYM/Contents/Resources/
ProductName.app.dSYM/Contents/Resources/DWARF/
2019-02-11 13:43:48 +0000  
2019-02-11 13:43:48 +0000  sent 251 bytes  received 50 bytes  602.00 bytes/sec
total size is 296.03M  speedup is 1031262.97
2019-02-11 13:43:48 +0000  /usr/bin/rsync exited with 0
2019-02-11 13:43:48 +0000  Running /Applications/Xcode.app/Contents/Developer/usr/bin/symbols '-noTextInSOD' '-noDaemon' '-arch' 'all' '-symbolsPackageDir' '/var/folders/t_/yvz5mnr133g_mx0cqcxds30r0000gn/T/XcodeDistPipeline.lIS/Symbols' '/var/folders/t_/yvz5mnr133g_mx0cqcxds30r0000gn/T/XcodeDistPipeline.lIS/Vuforia.framework/Vuforia'
2019-02-11 13:43:50 +0000  /var/folders/t_/yvz5mnr133g_mx0cqcxds30r0000gn/T/XcodeDistPipeline.lIS/Vuforia.framework/Vuforia [armv7, 0.107399 seconds]:
/var/folders/t_/yvz5mnr133g_mx0cqcxds30r0000gn/T/XcodeDistPipeline.lIS/Vuforia.framework/Vuforia [arm64, 0.107399 seconds]:
2019-02-11 13:43:50 +0000  /Applications/Xcode.app/Contents/Developer/usr/bin/symbols exited with 0
2019-02-11 13:43:50 +0000  Processing symbols for ProductName.app
2019-02-11 13:43:50 +0000  Running /usr/bin/rsync '-8aPhhE' '/var/folders/t_/yvz5mnr133g_mx0cqcxds30r0000gn/T/XcodeDistPipeline.lIS/Root/Payload/ProductName.app' '--link-dest' '/var/folders/t_/yvz5mnr133g_mx0cqcxds30r0000gn/T/XcodeDistPipeline.lIS/Root/Payload' '/var/folders/t_/yvz5mnr133g_mx0cqcxds30r0000gn/T/XcodeDistPipeline.lIS'
2019-02-11 13:43:50 +0000  building file list ... 
2019-02-11 13:43:50 +0000   0 files...2019-02-11 13:43:50 +0000  90 files to consider
2019-02-11 13:43:50 +0000  ProductName.app/
2019-02-11 13:43:50 +0000  ProductName.app/Data/
ProductName.app/Data/Managed/
ProductName.app/Data/Managed/Metadata/
2019-02-11 13:43:50 +0000  ProductName.app/Data/Managed/Resources/
ProductName.app/Data/Managed/mono/
ProductName.app/Data/Managed/mono/2.0/
ProductName.app/Data/Managed/mono/4.0/
ProductName.app/Data/Raw/
ProductName.app/Data/Raw/Vuforia/
ProductName.app/Data/Resources/
ProductName.app/Frameworks/
ProductName.app/Frameworks/Vuforia.framework/
ProductName.app/Frameworks/Vuforia.framework/_CodeSignature/
ProductName.app/Vuforia/
ProductName.app/_CodeSignature/
2019-02-11 13:43:50 +0000  
2019-02-11 13:43:50 +0000  sent 2.23K bytes  received 116 bytes  4.69K bytes/sec
total size is 642.70M  speedup is 280800.61
2019-02-11 13:43:50 +0000  /usr/bin/rsync exited with 0
2019-02-11 13:43:50 +0000  Running /usr/bin/rsync '-8aPhhE' '/Users/nationd/Library/Developer/Xcode/Archives/2019-02-11/Unity-iPhone 11.02.19, 14.10.xcarchive/dSYMs/' '--link-dest' '/Users/nationd/Library/Developer/Xcode/Archives/2019-02-11/Unity-iPhone 11.02.19, 14.10.xcarchive/dSYMs/' '/var/folders/t_/yvz5mnr133g_mx0cqcxds30r0000gn/T/XcodeDistPipeline.lIS'
2019-02-11 13:43:50 +0000  building file list ... 
2019-02-11 13:43:50 +0000   0 files...2019-02-11 13:43:50 +0000  7 files to consider
2019-02-11 13:43:50 +0000  ./
2019-02-11 13:43:50 +0000  ProductName.app.dSYM/
ProductName.app.dSYM/Contents/
ProductName.app.dSYM/Contents/Resources/
ProductName.app.dSYM/Contents/Resources/DWARF/
2019-02-11 13:43:50 +0000  
2019-02-11 13:43:50 +0000  sent 263 bytes  received 62 bytes  650.00 bytes/sec
total size is 296.03M  speedup is 955108.17
2019-02-11 13:43:50 +0000  /usr/bin/rsync exited with 0
2019-02-11 13:43:50 +0000  Running /Applications/Xcode.app/Contents/Developer/usr/bin/symbols '-noTextInSOD' '-noDaemon' '-arch' 'all' '-symbolsPackageDir' '/var/folders/t_/yvz5mnr133g_mx0cqcxds30r0000gn/T/XcodeDistPipeline.lIS/Symbols' '/var/folders/t_/yvz5mnr133g_mx0cqcxds30r0000gn/T/XcodeDistPipeline.lIS/ProductName.app.dSYM/Contents/Resources/Dwarf/ProductName'
2019-02-11 13:44:08 +0000  /var/folders/t_/yvz5mnr133g_mx0cqcxds30r0000gn/T/XcodeDistPipeline.lIS/ProductName.app.dSYM/Contents/Resources/Dwarf/ProductName [armv7, 11.349573 seconds]:
/var/folders/t_/yvz5mnr133g_mx0cqcxds30r0000gn/T/XcodeDistPipeline.lIS/ProductName.app.dSYM/Contents/Resources/Dwarf/ProductName [arm64, 11.349573 seconds]:
2019-02-11 13:44:08 +0000  /Applications/Xcode.app/Contents/Developer/usr/bin/symbols exited with 0
2019-02-11 13:44:08 +0000  Processing step: IDEDistributionCopyAppleProvidedContentStep
2019-02-11 13:44:08 +0000  Processing step: IDEDistributionAppThinningStep
2019-02-11 13:44:08 +0000  Skipping step: IDEDistributionAppThinningStep because it said so
2019-02-11 13:44:08 +0000  Processing step: IDEDistributionArchThinningStep
2019-02-11 13:44:08 +0000  Running /Applications/Xcode.app/Contents/Developer/Toolchains/XcodeDefault.xctoolchain/usr/bin/lipo '/var/folders/t_/yvz5mnr133g_mx0cqcxds30r0000gn/T/XcodeDistPipeline.lIS/Root/Payload/ProductName.app/Frameworks/Vuforia.framework/Vuforia' '-verify_arch' 'arm64e'
2019-02-11 13:44:08 +0000  /Applications/Xcode.app/Contents/Developer/Toolchains/XcodeDefault.xctoolchain/usr/bin/lipo exited with 1
2019-02-11 13:44:08 +0000  Skipping architecture thinning for item "Vuforia" because arch "arm64e" wasn't found
2019-02-11 13:44:08 +0000  Running /Applications/Xcode.app/Contents/Developer/Toolchains/XcodeDefault.xctoolchain/usr/bin/lipo '/var/folders/t_/yvz5mnr133g_mx0cqcxds30r0000gn/T/XcodeDistPipeline.lIS/Root/Payload/ProductName.app/ProductName' '-verify_arch' 'arm64e'
2019-02-11 13:44:08 +0000  /Applications/Xcode.app/Contents/Developer/Toolchains/XcodeDefault.xctoolchain/usr/bin/lipo exited with 1
2019-02-11 13:44:08 +0000  Skipping architecture thinning for item "ProductName" because arch "arm64e" wasn't found
2019-02-11 13:44:08 +0000  Processing step: IDEDistributionODRStep
2019-02-11 13:44:08 +0000  Processing step: IDEDistributionStripXattrsStep
2019-02-11 13:44:08 +0000  Skipping stripping extended attributes of item: <IDEDistributionItem: 0x7fa1981ed890 'com.vuforia.Vuforia' '<DVTFilePath:0x7fa1981cba60:'/Users/nationd/Library/Developer/Xcode/Archives/2019-02-11/Unity-iPhone 11.02.19, 14.10.xcarchive/Products/Applications/ProductName.app/Frameworks/Vuforia.framework'>'>
2019-02-11 13:44:08 +0000  Running /usr/bin/xattr '-crs' '/var/folders/t_/yvz5mnr133g_mx0cqcxds30r0000gn/T/XcodeDistPipeline.lIS/Root/Payload/ProductName.app'
2019-02-11 13:44:10 +0000  /usr/bin/xattr exited with 0
2019-02-11 13:44:10 +0000  Processing step: IDEDistributionCodesignStep
2019-02-11 13:44:10 +0000  Entitlements for <IDEDistributionItem: 0x7fa1981ed890 'com.vuforia.Vuforia' '<DVTFilePath:0x7fa1981cba60:'/Users/nationd/Library/Developer/Xcode/Archives/2019-02-11/Unity-iPhone 11.02.19, 14.10.xcarchive/Products/Applications/ProductName.app/Frameworks/Vuforia.framework'>'>: {
}
2019-02-11 13:44:10 +0000  Writing entitlements for <IDEDistributionItem: 0x7fa1981ed890 'com.vuforia.Vuforia' '<DVTFilePath:0x7fa1981cba60:'/Users/nationd/Library/Developer/Xcode/Archives/2019-02-11/Unity-iPhone 11.02.19, 14.10.xcarchive/Products/Applications/ProductName.app/Frameworks/Vuforia.framework'>'> to: /var/folders/t_/yvz5mnr133g_mx0cqcxds30r0000gn/T/XcodeDistPipeline.lIS/entitlementsrIvUDP
2019-02-11 13:44:10 +0000  Running /usr/bin/codesign '-vvv' '--force' '--sign' '41D5A3CDE48798C38EA2DFDD0998EC069988E068' '--entitlements' '/var/folders/t_/yvz5mnr133g_mx0cqcxds30r0000gn/T/XcodeDistPipeline.lIS/entitlementsrIvUDP' '--preserve-metadata=identifier,flags,runtime' '/var/folders/t_/yvz5mnr133g_mx0cqcxds30r0000gn/T/XcodeDistPipeline.lIS/Root/Payload/ProductName.app/Frameworks/Vuforia.framework'
2019-02-11 13:44:10 +0000  /var/folders/t_/yvz5mnr133g_mx0cqcxds30r0000gn/T/XcodeDistPipeline.lIS/Root/Payload/ProductName.app/Frameworks/Vuforia.framework: replacing existing signature
2019-02-11 13:44:19 +0000  /var/folders/t_/yvz5mnr133g_mx0cqcxds30r0000gn/T/XcodeDistPipeline.lIS/Root/Payload/ProductName.app/Frameworks/Vuforia.framework: signed bundle with Mach-O universal (armv7 arm64) [com.vuforia.Vuforia]
2019-02-11 13:44:19 +0000  /usr/bin/codesign exited with 0
2019-02-11 13:44:19 +0000  Entitlements for <IDEDistributionItem: 0x7fa1b0df65b0 'com.nationdgmbh.Bagelbuilder' '<DVTFilePath:0x7fa197e103f0:'/Users/nationd/Library/Developer/Xcode/Archives/2019-02-11/Unity-iPhone 11.02.19, 14.10.xcarchive/Products/Applications/ProductName.app'>'>: {
    "application-identifier" = "79V43URF8W.com.nationdgmbh.Bagelbuilder";
    "beta-reports-active" = 1;
    "com.apple.developer.team-identifier" = 79V43URF8W;
    "get-task-allow" = 0;
    "keychain-access-groups" =     (
        "79V43URF8W.com.nationdgmbh.Bagelbuilder"
    );
}
2019-02-11 13:44:19 +0000  Writing entitlements for <IDEDistributionItem: 0x7fa1b0df65b0 'com.nationdgmbh.Bagelbuilder' '<DVTFilePath:0x7fa197e103f0:'/Users/nationd/Library/Developer/Xcode/Archives/2019-02-11/Unity-iPhone 11.02.19, 14.10.xcarchive/Products/Applications/ProductName.app'>'> to: /var/folders/t_/yvz5mnr133g_mx0cqcxds30r0000gn/T/XcodeDistPipeline.lIS/entitlementstFQtdc
2019-02-11 13:44:19 +0000  Running /usr/bin/codesign '-vvv' '--force' '--sign' '41D5A3CDE48798C38EA2DFDD0998EC069988E068' '--entitlements' '/var/folders/t_/yvz5mnr133g_mx0cqcxds30r0000gn/T/XcodeDistPipeline.lIS/entitlementstFQtdc' '--preserve-metadata=identifier,flags,runtime' '/var/folders/t_/yvz5mnr133g_mx0cqcxds30r0000gn/T/XcodeDistPipeline.lIS/Root/Payload/ProductName.app'
2019-02-11 13:44:19 +0000  /var/folders/t_/yvz5mnr133g_mx0cqcxds30r0000gn/T/XcodeDistPipeline.lIS/Root/Payload/ProductName.app: replacing existing signature
2019-02-11 13:44:36 +0000  /var/folders/t_/yvz5mnr133g_mx0cqcxds30r0000gn/T/XcodeDistPipeline.lIS/Root/Payload/ProductName.app: signed app bundle with Mach-O universal (armv7 arm64) [com.nationdgmbh.Bagelbuilder]
2019-02-11 13:44:36 +0000  /usr/bin/codesign exited with 0
2019-02-11 13:44:36 +0000  Processing step: IDEDistributionZipODRItemStep
2019-02-11 13:44:36 +0000  Skipping step: IDEDistributionZipODRItemStep because it said so
2019-02-11 13:44:36 +0000  Skipping step: IDEDistributionZipODRItemStep because it said so
2019-02-11 13:44:36 +0000  Processing step: IDEDistributionCreateIPAStep
2019-02-11 13:44:36 +0000  Running /usr/bin/rsync '-8aPhhE' '/var/folders/t_/yvz5mnr133g_mx0cqcxds30r0000gn/T/XcodeDistPipeline.lIS/Symbols' '--link-dest' '/var/folders/t_/yvz5mnr133g_mx0cqcxds30r0000gn/T/XcodeDistPipeline.lIS' '/var/folders/t_/yvz5mnr133g_mx0cqcxds30r0000gn/T/XcodeDistPipeline.lIS/Root'
2019-02-11 13:44:36 +0000  building file list ... 
2019-02-11 13:44:36 +0000   0 files...2019-02-11 13:44:36 +0000  5 files to consider
2019-02-11 13:44:36 +0000  Symbols/
2019-02-11 13:44:36 +0000  
2019-02-11 13:44:36 +0000  sent 316 bytes  received 26 bytes  684.00 bytes/sec
total size is 2.22M  speedup is 6819.63
2019-02-11 13:44:36 +0000  /usr/bin/rsync exited with 0
2019-02-11 13:44:36 +0000  Running /usr/bin/ditto '-V' '-c' '-k' '--norsrc' '/var/folders/t_/yvz5mnr133g_mx0cqcxds30r0000gn/T/XcodeDistPipeline.lIS/Root' '/var/folders/t_/yvz5mnr133g_mx0cqcxds30r0000gn/T/XcodeDistPipeline.lIS/Packages/Unity-iPhone.ipa'
2019-02-11 13:44:36 +0000  >>> Copying /var/folders/t_/yvz5mnr133g_mx0cqcxds30r0000gn/T/XcodeDistPipeline.lIS/Root 
2019-02-11 13:44:36 +0000  copying file ./Payload/ProductName.app/_CodeSignature/CodeResources ... 
2019-02-11 13:44:36 +0000  24047 bytes for ./Payload/ProductName.app/_CodeSignature/CodeResources
2019-02-11 13:44:36 +0000  copying file ./Payload/ProductName.app/AppIcon20x20@2x.png ... 
2019-02-11 13:44:36 +0000  1272 bytes for ./Payload/ProductName.app/AppIcon20x20@2x.png
copying file ./Payload/ProductName.app/AppIcon20x20@2x~ipad.png ... 
2019-02-11 13:44:36 +0000  1272 bytes for ./Payload/ProductName.app/AppIcon20x20@2x~ipad.png
copying file ./Payload/ProductName.app/AppIcon20x20@3x.png ... 
2019-02-11 13:44:36 +0000  2252 bytes for ./Payload/ProductName.app/AppIcon20x20@3x.png
copying file ./Payload/ProductName.app/AppIcon20x20~ipad.png ... 
2019-02-11 13:44:36 +0000  683 bytes for ./Payload/ProductName.app/AppIcon20x20~ipad.png
copying file ./Payload/ProductName.app/AppIcon29x29.png ... 
2019-02-11 13:44:36 +0000  967 bytes for ./Payload/ProductName.app/AppIcon29x29.png
copying file ./Payload/ProductName.app/AppIcon29x29@2x.png ... 
2019-02-11 13:44:36 +0000  2228 bytes for ./Payload/ProductName.app/AppIcon29x29@2x.png
copying file ./Payload/ProductName.app/AppIcon29x29@2x~ipad.png ... 
2019-02-11 13:44:36 +0000  2228 bytes for ./Payload/ProductName.app/AppIcon29x29@2x~ipad.png
copying file ./Payload/ProductName.app/AppIcon29x29@3x.png ... 
2019-02-11 13:44:36 +0000  4697 bytes for ./Payload/ProductName.app/AppIcon29x29@3x.png
copying file ./Payload/ProductName.app/AppIcon29x29~ipad.png ... 
2019-02-11 13:44:36 +0000  967 bytes for ./Payload/ProductName.app/AppIcon29x29~ipad.png
copying file ./Payload/ProductName.app/AppIcon40x40@2x.png ... 
2019-02-11 13:44:36 +0000  3817 bytes for ./Payload/ProductName.app/AppIcon40x40@2x.png
copying file ./Payload/ProductName.app/AppIcon40x40@2x~ipad.png ... 
2019-02-11 13:44:36 +0000  3817 bytes for ./Payload/ProductName.app/AppIcon40x40@2x~ipad.png
copying file ./Payload/ProductName.app/AppIcon40x40@3x.png ... 
2019-02-11 13:44:36 +0000  7924 bytes for ./Payload/ProductName.app/AppIcon40x40@3x.png
2019-02-11 13:44:36 +0000  copying file ./Payload/ProductName.app/AppIcon40x40~ipad.png ... 
2019-02-11 13:44:36 +0000  1272 bytes for ./Payload/ProductName.app/AppIcon40x40~ipad.png
copying file ./Payload/ProductName.app/AppIcon60x60@2x.png ... 
2019-02-11 13:44:36 +0000  7924 bytes for ./Payload/ProductName.app/AppIcon60x60@2x.png
copying file ./Payload/ProductName.app/AppIcon60x60@3x.png ... 
2019-02-11 13:44:36 +0000  16837 bytes for ./Payload/ProductName.app/AppIcon60x60@3x.png
2019-02-11 13:44:36 +0000  copying file ./Payload/ProductName.app/AppIcon76x76@2x~ipad.png ... 
2019-02-11 13:44:36 +0000  12711 bytes for ./Payload/ProductName.app/AppIcon76x76@2x~ipad.png
2019-02-11 13:44:36 +0000  copying file ./Payload/ProductName.app/AppIcon76x76~ipad.png ... 
2019-02-11 13:44:36 +0000  3839 bytes for ./Payload/ProductName.app/AppIcon76x76~ipad.png
copying file ./Payload/ProductName.app/AppIcon83.5x83.5@2x~ipad.png ... 
2019-02-11 13:44:36 +0000  15172 bytes for ./Payload/ProductName.app/AppIcon83.5x83.5@2x~ipad.png
2019-02-11 13:44:36 +0000  copying file ./Payload/ProductName.app/Assets.car ... 
2019-02-11 13:44:36 +0000  470104 bytes for ./Payload/ProductName.app/Assets.car
2019-02-11 13:44:36 +0000  copying file ./Payload/ProductName.app/Data/boot.config ... 
2019-02-11 13:44:36 +0000  167 bytes for ./Payload/ProductName.app/Data/boot.config
copying file ./Payload/ProductName.app/Data/globalgamemanagers ... 
2019-02-11 13:44:36 +0000  45144 bytes for ./Payload/ProductName.app/Data/globalgamemanagers
copying file ./Payload/ProductName.app/Data/globalgamemanagers.assets ... 
2019-02-11 13:44:36 +0000  104164 bytes for ./Payload/ProductName.app/Data/globalgamemanagers.assets
copying file ./Payload/ProductName.app/Data/level0 ... 
2019-02-11 13:44:36 +0000  25312 bytes for ./Payload/ProductName.app/Data/level0
copying file ./Payload/ProductName.app/Data/level0.resS ... 
2019-02-11 13:44:36 +0000  393212 bytes for ./Payload/ProductName.app/Data/level0.resS
2019-02-11 13:44:36 +0000  copying file ./Payload/ProductName.app/Data/Managed/Metadata/global-metadata.dat ... 
2019-02-11 13:44:36 +0000  3684584 bytes for ./Payload/ProductName.app/Data/Managed/Metadata/global-metadata.dat
2019-02-11 13:44:36 +0000  copying file ./Payload/ProductName.app/Data/Managed/mono/2.0/machine.config ... 
2019-02-11 13:44:36 +0000  27625 bytes for ./Payload/ProductName.app/Data/Managed/mono/2.0/machine.config
2019-02-11 13:44:36 +0000  copying file ./Payload/ProductName.app/Data/Managed/mono/4.0/machine.config ... 
2019-02-11 13:44:36 +0000  33648 bytes for ./Payload/ProductName.app/Data/Managed/mono/4.0/machine.config
2019-02-11 13:44:36 +0000  copying file ./Payload/ProductName.app/Data/Managed/Resources/mscorlib.dll-resources.dat ... 
2019-02-11 13:44:36 +0000  337563 bytes for ./Payload/ProductName.app/Data/Managed/Resources/mscorlib.dll-resources.dat
2019-02-11 13:44:36 +0000  copying file ./Payload/ProductName.app/Data/Raw/Vuforia/Archi1810.dat ... 
2019-02-11 13:44:36 +0000  58600 bytes for ./Payload/ProductName.app/Data/Raw/Vuforia/Archi1810.dat
copying file ./Payload/ProductName.app/Data/Raw/Vuforia/Archi1810.xml ... 
2019-02-11 13:44:36 +0000  351 bytes for ./Payload/ProductName.app/Data/Raw/Vuforia/Archi1810.xml
copying file ./Payload/ProductName.app/Data/Raw/Vuforia/Bagel.dat ... 
2019-02-11 13:44:36 +0000  155154 bytes for ./Payload/ProductName.app/Data/Raw/Vuforia/Bagel.dat
copying file ./Payload/ProductName.app/Data/Raw/Vuforia/Bagel.xml ... 
2019-02-11 13:44:36 +0000  334 bytes for ./Payload/ProductName.app/Data/Raw/Vuforia/Bagel.xml
copying file ./Payload/ProductName.app/Data/Resources/unity_builtin_extra ... 
2019-02-11 13:44:36 +0000  842108 bytes for ./Payload/ProductName.app/Data/Resources/unity_builtin_extra
2019-02-11 13:44:36 +0000  copying file ./Payload/ProductName.app/Data/resources.assets ... 
2019-02-11 13:44:36 +0000  306232 bytes for ./Payload/ProductName.app/Data/resources.assets
copying file ./Payload/ProductName.app/Data/resources.assets.resS ... 
2019-02-11 13:44:36 +0000  174848 bytes for ./Payload/ProductName.app/Data/resources.assets.resS
copying file ./Payload/ProductName.app/Data/sharedassets0.assets ... 
2019-02-11 13:44:36 +0000  1402256 bytes for ./Payload/ProductName.app/Data/sharedassets0.assets
copying file ./Payload/ProductName.app/Data/sharedassets0.assets.resS ... 
2019-02-11 13:44:46 +0000  267821652 bytes for ./Payload/ProductName.app/Data/sharedassets0.assets.resS
2019-02-11 13:44:46 +0000  copying file ./Payload/ProductName.app/Data/sharedassets0.resource ... 
2019-02-11 13:44:56 +0000  312788113 bytes for ./Payload/ProductName.app/Data/sharedassets0.resource
copying file ./Payload/ProductName.app/Data/unity default resources ... 
2019-02-11 13:44:56 +0000  6271684 bytes for ./Payload/ProductName.app/Data/unity default resources
2019-02-11 13:44:56 +0000  copying file ./Payload/ProductName.app/embedded.mobileprovision ... 
2019-02-11 13:44:56 +0000  7501 bytes for ./Payload/ProductName.app/embedded.mobileprovision
2019-02-11 13:44:56 +0000  copying file ./Payload/ProductName.app/Frameworks/Vuforia.framework/_CodeSignature/CodeResources ... 
2019-02-11 13:44:56 +0000  2202 bytes for ./Payload/ProductName.app/Frameworks/Vuforia.framework/_CodeSignature/CodeResources
copying file ./Payload/ProductName.app/Frameworks/Vuforia.framework/Info.plist ... 
703 bytes for ./Payload/ProductName.app/Frameworks/Vuforia.framework/Info.plist
copying file ./Payload/ProductName.app/Frameworks/Vuforia.framework/Vuforia ... 
2019-02-11 13:44:57 +0000  31630672 bytes for ./Payload/ProductName.app/Frameworks/Vuforia.framework/Vuforia
2019-02-11 13:44:57 +0000  copying file ./Payload/ProductName.app/Info.plist ... 
2609 bytes for ./Payload/ProductName.app/Info.plist
copying file ./Payload/ProductName.app/LaunchImage-1100-Landscape-2436h@3x.png ... 
2019-02-11 13:44:57 +0000  12707 bytes for ./Payload/ProductName.app/LaunchImage-1100-Landscape-2436h@3x.png
copying file ./Payload/ProductName.app/LaunchImage-1100-Portrait-2436h@3x.png ... 
2019-02-11 13:44:57 +0000  14552 bytes for ./Payload/ProductName.app/LaunchImage-1100-Portrait-2436h@3x.png
copying file ./Payload/ProductName.app/LaunchImage-568h@2x.png ... 
2019-02-11 13:44:57 +0000  4617 bytes for ./Payload/ProductName.app/LaunchImage-568h@2x.png
copying file ./Payload/ProductName.app/LaunchImage-700-568h@2x.png ... 
2019-02-11 13:44:57 +0000  4617 bytes for ./Payload/ProductName.app/LaunchImage-700-568h@2x.png
copying file ./Payload/ProductName.app/LaunchImage-700-Landscape@2x~ipad.png ... 
2019-02-11 13:44:57 +0000  14943 bytes for ./Payload/ProductName.app/LaunchImage-700-Landscape@2x~ipad.png
copying file ./Payload/ProductName.app/LaunchImage-700-Landscape~ipad.png ... 
2019-02-11 13:44:57 +0000  4433 bytes for ./Payload/ProductName.app/LaunchImage-700-Landscape~ipad.png
copying file ./Payload/ProductName.app/LaunchImage-700-Portrait@2x~ipad.png ... 
2019-02-11 13:44:57 +0000  15515 bytes for ./Payload/ProductName.app/LaunchImage-700-Portrait@2x~ipad.png
copying file ./Payload/ProductName.app/LaunchImage-700-Portrait~ipad.png ... 
2019-02-11 13:44:57 +0000  4691 bytes for ./Payload/ProductName.app/LaunchImage-700-Portrait~ipad.png
copying file ./Payload/ProductName.app/LaunchImage-700@2x.png ... 
2019-02-11 13:44:57 +0000  3933 bytes for ./Payload/ProductName.app/LaunchImage-700@2x.png
copying file ./Payload/ProductName.app/LaunchImage-800-667h@2x.png ... 
2019-02-11 13:44:57 +0000  5949 bytes for ./Payload/ProductName.app/LaunchImage-800-667h@2x.png
copying file ./Payload/ProductName.app/LaunchImage-800-Landscape-736h@3x.png ... 
2019-02-11 13:44:57 +0000  12887 bytes for ./Payload/ProductName.app/LaunchImage-800-Landscape-736h@3x.png
copying file ./Payload/ProductName.app/LaunchImage-800-Portrait-736h@3x.png ... 
2019-02-11 13:44:57 +0000  14196 bytes for ./Payload/ProductName.app/LaunchImage-800-Portrait-736h@3x.png
copying file ./Payload/ProductName.app/LaunchImage-Landscape@2x~ipad.png ... 
2019-02-11 13:44:57 +0000  14943 bytes for ./Payload/ProductName.app/LaunchImage-Landscape@2x~ipad.png
copying file ./Payload/ProductName.app/LaunchImage-Landscape~ipad.png ... 
2019-02-11 13:44:57 +0000  4433 bytes for ./Payload/ProductName.app/LaunchImage-Landscape~ipad.png
copying file ./Payload/ProductName.app/LaunchImage-Portrait@2x~ipad.png ... 
2019-02-11 13:44:57 +0000  15515 bytes for ./Payload/ProductName.app/LaunchImage-Portrait@2x~ipad.png
copying file ./Payload/ProductName.app/LaunchImage-Portrait~ipad.png ... 
2019-02-11 13:44:57 +0000  4691 bytes for ./Payload/ProductName.app/LaunchImage-Portrait~ipad.png
copying file ./Payload/ProductName.app/LaunchImage.png ... 
2019-02-11 13:44:57 +0000  1425 bytes for ./Payload/ProductName.app/LaunchImage.png
copying file ./Payload/ProductName.app/LaunchImage@2x.png ... 
2019-02-11 13:44:57 +0000  3933 bytes for ./Payload/ProductName.app/LaunchImage@2x.png
copying file ./Payload/ProductName.app/LaunchScreen-iPad.nib ... 
2019-02-11 13:44:57 +0000  1443 bytes for ./Payload/ProductName.app/LaunchScreen-iPad.nib
copying file ./Payload/ProductName.app/LaunchScreen-iPad.png ... 
2019-02-11 13:44:57 +0000  138 bytes for ./Payload/ProductName.app/LaunchScreen-iPad.png
copying file ./Payload/ProductName.app/LaunchScreen-iPhone.nib ... 
2019-02-11 13:44:57 +0000  1453 bytes for ./Payload/ProductName.app/LaunchScreen-iPhone.nib
copying file ./Payload/ProductName.app/LaunchScreen-iPhoneLandscape.png ... 
2019-02-11 13:44:57 +0000  138 bytes for ./Payload/ProductName.app/LaunchScreen-iPhoneLandscape.png
copying file ./Payload/ProductName.app/LaunchScreen-iPhonePortrait.png ... 
2019-02-11 13:44:57 +0000  138 bytes for ./Payload/ProductName.app/LaunchScreen-iPhonePortrait.png
copying file ./Payload/ProductName.app/PkgInfo ... 
2019-02-11 13:44:58 +0000  8 bytes for ./Payload/ProductName.app/PkgInfo
copying file ./Payload/ProductName.app/ProductName ... 
2019-02-11 13:45:00 +0000  46845600 bytes for ./Payload/ProductName.app/ProductName
2019-02-11 13:45:00 +0000  copying file ./Payload/ProductName.app/Vuforia/Archi1810.dat ... 
2019-02-11 13:45:00 +0000  58600 bytes for ./Payload/ProductName.app/Vuforia/Archi1810.dat
copying file ./Payload/ProductName.app/Vuforia/Archi1810.xml ... 
2019-02-11 13:45:00 +0000  351 bytes for ./Payload/ProductName.app/Vuforia/Archi1810.xml
copying file ./Payload/ProductName.app/Vuforia/Bagel.dat ... 
2019-02-11 13:45:00 +0000  155154 bytes for ./Payload/ProductName.app/Vuforia/Bagel.dat
2019-02-11 13:45:00 +0000  copying file ./Payload/ProductName.app/Vuforia/Bagel.xml ... 
334 bytes for ./Payload/ProductName.app/Vuforia/Bagel.xml
copying file ./Symbols/0866E9A1-23E5-3519-8AA2-9997F597C6F7.symbols ... 
2019-02-11 13:45:00 +0000  1092208 bytes for ./Symbols/0866E9A1-23E5-3519-8AA2-9997F597C6F7.symbols
copying file ./Symbols/16F7E43C-45CF-3804-8531-60B486BE45AD.symbols ... 
2019-02-11 13:45:00 +0000  1239352 bytes for ./Symbols/16F7E43C-45CF-3804-8531-60B486BE45AD.symbols
copying file ./Symbols/23A61F8F-9A2B-3249-8209-D09A110D8DEE.symbols ... 
2019-02-11 13:45:00 +0000  376 bytes for ./Symbols/23A61F8F-9A2B-3249-8209-D09A110D8DEE.symbols
copying file ./Symbols/F8D78474-B76C-3EE9-ACFA-FC31CA35B7D4.symbols ... 
2019-02-11 13:45:00 +0000  376 bytes for ./Symbols/F8D78474-B76C-3EE9-ACFA-FC31CA35B7D4.symbols
2019-02-11 13:45:00 +0000  /usr/bin/ditto exited with 0
2019-02-11 13:45:00 +0000  Processing step: IDEDistributionAppStoreInformationStep
2019-02-11 13:45:00 +0000  Skipping step: IDEDistributionAppStoreInformationStep because it said so
2019-02-11 13:45:00 +0000  Processing step: IDEDistributionCreateManifestStep
2019-02-11 13:45:00 +0000  Skipping step: IDEDistributionCreateManifestStep because it said so
